<?xml version="1.0" encoding="UTF-8"?>
<testng-results ignored="0" total="4" passed="3" failed="1" skipped="0">
  <reporter-output>
  </reporter-output>
  <suite started-at="2024-04-25T13:40:04 MSK" name="Suite BookingTestNG" finished-at="2024-04-25T13:41:01 MSK" duration-ms="56505">
    <groups>
    </groups>
    <test started-at="2024-04-25T13:40:04 MSK" name="BookingParisSearch" finished-at="2024-04-25T13:40:34 MSK" duration-ms="30051">
      <class name="tests.testng.tests.BookingParisSearchTests">
        <test-method signature="BookingParisSearch()[pri:0, instance:tests.testng.tests.BookingParisSearchTests@56528192]" started-at="2024-04-25T13:40:04 MSK" name="BookingParisSearch" finished-at="2024-04-25T13:40:34 MSK" duration-ms="29933" status="FAIL">
          <exception class="org.openqa.selenium.TimeoutException">
            <message>
              <![CDATA[Expected condition failed: waiting for utils.Waiters$$Lambda/0x0000010e4f225708@569bf9eb (tried for 20 second(s) with 500 milliseconds interval)]]>
            </message>
            <full-stacktrace>
              <![CDATA[org.openqa.selenium.TimeoutException: Expected condition failed: waiting for utils.Waiters$$Lambda/0x0000010e4f225708@569bf9eb (tried for 20 second(s) with 500 milliseconds interval)
at org.openqa.selenium.support.ui.WebDriverWait.timeoutException(WebDriverWait.java:84)
at org.openqa.selenium.support.ui.FluentWait.until(FluentWait.java:228)
at utils.Waiters.waitForElement(Waiters.java:32)
at tests.testng.tests.BookingParisSearchTests.BookingParisSearch(BookingParisSearchTests.java:32)
at java.base/jdk.internal.reflect.DirectMethodHandleAccessor.invoke(DirectMethodHandleAccessor.java:103)
at java.base/java.lang.reflect.Method.invoke(Method.java:580)
at org.testng.internal.invokers.MethodInvocationHelper.invokeMethod(MethodInvocationHelper.java:139)
at org.testng.internal.invokers.TestInvoker.invokeMethod(TestInvoker.java:664)
at org.testng.internal.invokers.TestInvoker.invokeTestMethod(TestInvoker.java:228)
at org.testng.internal.invokers.MethodRunner.runInSequence(MethodRunner.java:63)
at org.testng.internal.invokers.TestInvoker$MethodInvocationAgent.invoke(TestInvoker.java:961)
at org.testng.internal.invokers.TestInvoker.invokeTestMethods(TestInvoker.java:201)
at org.testng.internal.invokers.TestMethodWorker.invokeTestMethods(TestMethodWorker.java:148)
at org.testng.internal.invokers.TestMethodWorker.run(TestMethodWorker.java:128)
at java.base/java.util.ArrayList.forEach(ArrayList.java:1596)
at org.testng.TestRunner.privateRun(TestRunner.java:819)
at org.testng.TestRunner.run(TestRunner.java:619)
at org.testng.SuiteRunner.runTest(SuiteRunner.java:443)
at org.testng.SuiteRunner.runSequentially(SuiteRunner.java:437)
at org.testng.SuiteRunner.privateRun(SuiteRunner.java:397)
at org.testng.SuiteRunner.run(SuiteRunner.java:336)
at org.testng.SuiteRunnerWorker.runSuite(SuiteRunnerWorker.java:52)
at org.testng.SuiteRunnerWorker.run(SuiteRunnerWorker.java:95)
at org.testng.TestNG.runSuitesSequentially(TestNG.java:1301)
at org.testng.TestNG.runSuitesLocally(TestNG.java:1228)
at org.testng.TestNG.runSuites(TestNG.java:1134)
at org.testng.TestNG.run(TestNG.java:1101)
at runners.BookingTestNGRunner.main(BookingTestNGRunner.java:16)
Caused by: org.openqa.selenium.NoSuchElementException: no such element: Unable to locate element: {"method":"xpath","selector":"//div[@class='a1d43fa1ac']/div/label/input[@checked]"}
  (Session info: chrome=124.0.6367.79)
For documentation on this error, please visit: https://www.selenium.dev/documentation/webdriver/troubleshooting/errors#no-such-element-exception
Build info: version: '4.19.1', revision: 'abe0ee07dc'
System info: os.name: 'Windows 11', os.arch: 'amd64', os.version: '10.0', java.version: '21.0.2'
Driver info: org.openqa.selenium.chrome.ChromeDriver
Command: [b82e99467e05d2e9793ecf2c529a2937, findElement {value=//div[@class='a1d43fa1ac']/div/label/input[@checked], using=xpath}]
Capabilities {acceptInsecureCerts: false, browserName: chrome, browserVersion: 124.0.6367.79, chrome: {chromedriverVersion: 124.0.6367.78 (a087f2dd364d..., userDataDir: C:\Users\User\AppData\Local...}, fedcm:accounts: true, goog:chromeOptions: {debuggerAddress: localhost:62922}, networkConnectionEnabled: false, pageLoadStrategy: normal, platformName: windows, proxy: Proxy(), se:cdp: ws://localhost:62922/devtoo..., se:cdpVersion: 124.0.6367.79, setWindowRect: true, strictFileInteractability: false, timeouts: {implicit: 0, pageLoad: 300000, script: 30000}, unhandledPromptBehavior: dismiss and notify, webauthn:extension:credBlob: true, webauthn:extension:largeBlob: true, webauthn:extension:minPinLength: true, webauthn:extension:prf: true, webauthn:virtualAuthenticators: true}
Session ID: b82e99467e05d2e9793ecf2c529a2937
at java.base/jdk.internal.reflect.DirectConstructorHandleAccessor.newInstance(DirectConstructorHandleAccessor.java:62)
at java.base/java.lang.reflect.Constructor.newInstanceWithCaller(Constructor.java:502)
at java.base/java.lang.reflect.Constructor.newInstance(Constructor.java:486)
at org.openqa.selenium.remote.ErrorCodec.decode(ErrorCodec.java:167)
at org.openqa.selenium.remote.codec.w3c.W3CHttpResponseCodec.decode(W3CHttpResponseCodec.java:138)
at org.openqa.selenium.remote.codec.w3c.W3CHttpResponseCodec.decode(W3CHttpResponseCodec.java:50)
at org.openqa.selenium.remote.HttpCommandExecutor.execute(HttpCommandExecutor.java:190)
at org.openqa.selenium.remote.service.DriverCommandExecutor.invokeExecute(DriverCommandExecutor.java:216)
at org.openqa.selenium.remote.service.DriverCommandExecutor.execute(DriverCommandExecutor.java:174)
at org.openqa.selenium.remote.RemoteWebDriver.execute(RemoteWebDriver.java:518)
at org.openqa.selenium.remote.ElementLocation$ElementFinder$2.findElement(ElementLocation.java:165)
at org.openqa.selenium.remote.ElementLocation.findElement(ElementLocation.java:59)
at org.openqa.selenium.remote.RemoteWebDriver.findElement(RemoteWebDriver.java:355)
at org.openqa.selenium.remote.RemoteWebDriver.findElement(RemoteWebDriver.java:349)
at utils.Waiters.lambda$waitForElement$1(Waiters.java:32)
at org.openqa.selenium.support.ui.FluentWait.until(FluentWait.java:203)
... 26 more
]]>
            </full-stacktrace>
          </exception> <!-- org.openqa.selenium.TimeoutException -->
          <reporter-output>
          </reporter-output>
        </test-method> <!-- BookingParisSearch -->
        <test-method is-config="true" signature="closeDriver()[pri:0, instance:tests.testng.tests.BookingParisSearchTests@56528192]" started-at="2024-04-25T13:40:34 MSK" name="closeDriver" finished-at="2024-04-25T13:40:34 MSK" duration-ms="93" status="PASS">
          <reporter-output>
          </reporter-output>
        </test-method> <!-- closeDriver -->
      </class> <!-- tests.testng.tests.BookingParisSearchTests -->
    </test> <!-- BookingParisSearch -->
    <test started-at="2024-04-25T13:40:34 MSK" name="BookingLondonSearch" finished-at="2024-04-25T13:40:42 MSK" duration-ms="7360">
      <class name="tests.testng.tests.BookingLondonSearchTests">
        <test-method signature="BookingLondonSearch()[pri:0, instance:tests.testng.tests.BookingLondonSearchTests@17046283]" started-at="2024-04-25T13:40:34 MSK" name="BookingLondonSearch" finished-at="2024-04-25T13:40:42 MSK" duration-ms="7269" status="PASS">
          <reporter-output>
          </reporter-output>
        </test-method> <!-- BookingLondonSearch -->
        <test-method is-config="true" signature="closeDriver()[pri:0, instance:tests.testng.tests.BookingLondonSearchTests@17046283]" started-at="2024-04-25T13:40:42 MSK" name="closeDriver" finished-at="2024-04-25T13:40:42 MSK" duration-ms="91" status="PASS">
          <reporter-output>
          </reporter-output>
        </test-method> <!-- closeDriver -->
      </class> <!-- tests.testng.tests.BookingLondonSearchTests -->
    </test> <!-- BookingLondonSearch -->
    <test started-at="2024-04-25T13:40:42 MSK" name="BookingPrahaSearch" finished-at="2024-04-25T13:40:55 MSK" duration-ms="13021">
      <class name="tests.testng.tests.BookingPrahaSearchTests">
        <test-method signature="BookingPrahaSearch()[pri:0, instance:tests.testng.tests.BookingPrahaSearchTests@6e4784bc]" started-at="2024-04-25T13:40:42 MSK" name="BookingPrahaSearch" finished-at="2024-04-25T13:40:55 MSK" duration-ms="12929" status="PASS">
          <reporter-output>
          </reporter-output>
        </test-method> <!-- BookingPrahaSearch -->
        <test-method is-config="true" signature="closeDriver()[pri:0, instance:tests.testng.tests.BookingPrahaSearchTests@6e4784bc]" started-at="2024-04-25T13:40:55 MSK" name="closeDriver" finished-at="2024-04-25T13:40:55 MSK" duration-ms="91" status="PASS">
          <reporter-output>
          </reporter-output>
        </test-method> <!-- closeDriver -->
      </class> <!-- tests.testng.tests.BookingPrahaSearchTests -->
    </test> <!-- BookingPrahaSearch -->
    <test started-at="2024-04-25T13:40:55 MSK" name="BookingTooltips" finished-at="2024-04-25T13:41:01 MSK" duration-ms="6057">
      <class name="tests.testng.tests.BookingTooltipTests">
        <test-method signature="BookingTooltips()[pri:0, instance:tests.testng.tests.BookingTooltipTests@353d0772]" started-at="2024-04-25T13:40:55 MSK" name="BookingTooltips" finished-at="2024-04-25T13:41:01 MSK" duration-ms="5978" status="PASS">
          <reporter-output>
          </reporter-output>
        </test-method> <!-- BookingTooltips -->
        <test-method is-config="true" signature="closeDriver()[pri:0, instance:tests.testng.tests.BookingTooltipTests@353d0772]" started-at="2024-04-25T13:41:01 MSK" name="closeDriver" finished-at="2024-04-25T13:41:01 MSK" duration-ms="79" status="PASS">
          <reporter-output>
          </reporter-output>
        </test-method> <!-- closeDriver -->
      </class> <!-- tests.testng.tests.BookingTooltipTests -->
    </test> <!-- BookingTooltips -->
  </suite> <!-- Suite BookingTestNG -->
</testng-results>
